<?xml version="1.0" encoding="UTF-8"?>
<!-- Generated by org.testng.reporters.JUnitReportReporter -->
<testsuite hostname="W00PISVDI1483" name="com.uiFramework.prive.slyaws.testScripts.LoginTestScenarios" tests="1" failures="0" timestamp="13 Jun 2019 12:00:46 GMT" time="1.346" errors="1">
  <testcase name="loginTest" time="1.346" classname="com.uiFramework.prive.slyaws.testScripts.LoginTestScenarios">
    <error type="org.testng.internal.reflect.MethodMatcherException" message="
Data provider mismatch
Method: loginTest([Parameter{index=0, type=java.lang.String, declaredAnnotations=[]}, Parameter{index=1, type=java.lang.String, declaredAnnotations=[]}, Parameter{index=2, type=java.lang.String, declaredAnnotations=[]}, Parameter{index=3, type=java.lang.String, declaredAnnotations=[]}, Parameter{index=4, type=java.lang.String, declaredAnnotations=[]}, Parameter{index=5, type=java.lang.String, declaredAnnotations=[]}, Parameter{index=6, type=java.lang.String, declaredAnnotations=[]}, Parameter{index=7, type=java.lang.String, declaredAnnotations=[]}, Parameter{index=8, type=java.lang.String, declaredAnnotations=[]}, Parameter{index=9, type=java.lang.String, declaredAnnotations=[]}, Parameter{index=10, type=java.lang.String, declaredAnnotations=[]}, Parameter{index=11, type=java.lang.String, declaredAnnotations=[]}, Parameter{index=12, type=java.lang.String, declaredAnnotations=[]}, Parameter{index=13, type=java.lang.String, declaredAnnotations=[]}, Parameter{index=14, type=java.lang.String, declaredAnnotations=[]}, Parameter{index=15, type=java.lang.String, declaredAnnotations=[]}, Parameter{index=16, type=java.lang.String, declaredAnnotations=[]}])
Arguments: [null,(java.lang.String)USERNAME,(java.lang.String)PASSWORD,(java.lang.String)TEXTBOX_Account_Name,(java.lang.String)TEXTBOX_City,(java.lang.String)TEXTBOX_Line1,(java.lang.String)DROPDOWN_Alt_Billing_Add,(java.lang.String)TEXTBOX_Phone,(java.lang.String)TEXTBOX_Zip,(java.lang.String)DROPDOWN_State,(java.lang.String)TEXTBOX_first_Name_co,(java.lang.String)TEXTBOX_Last_Name_co,(java.lang.String)TEXTBOX_AddressL1_co,(java.lang.String)TEXTBOX_City_co,(java.lang.String)DROPDOWN_State_co,(java.lang.String)DROPDOWN_Zip_co,(java.lang.String)TEXTBOX_ph_co,(java.lang.String)runMode]">
      <![CDATA[org.testng.internal.reflect.MethodMatcherException: 
Data provider mismatch
Method: loginTest([Parameter{index=0, type=java.lang.String, declaredAnnotations=[]}, Parameter{index=1, type=java.lang.String, declaredAnnotations=[]}, Parameter{index=2, type=java.lang.String, declaredAnnotations=[]}, Parameter{index=3, type=java.lang.String, declaredAnnotations=[]}, Parameter{index=4, type=java.lang.String, declaredAnnotations=[]}, Parameter{index=5, type=java.lang.String, declaredAnnotations=[]}, Parameter{index=6, type=java.lang.String, declaredAnnotations=[]}, Parameter{index=7, type=java.lang.String, declaredAnnotations=[]}, Parameter{index=8, type=java.lang.String, declaredAnnotations=[]}, Parameter{index=9, type=java.lang.String, declaredAnnotations=[]}, Parameter{index=10, type=java.lang.String, declaredAnnotations=[]}, Parameter{index=11, type=java.lang.String, declaredAnnotations=[]}, Parameter{index=12, type=java.lang.String, declaredAnnotations=[]}, Parameter{index=13, type=java.lang.String, declaredAnnotations=[]}, Parameter{index=14, type=java.lang.String, declaredAnnotations=[]}, Parameter{index=15, type=java.lang.String, declaredAnnotations=[]}, Parameter{index=16, type=java.lang.String, declaredAnnotations=[]}])
Arguments: [null,(java.lang.String)USERNAME,(java.lang.String)PASSWORD,(java.lang.String)TEXTBOX_Account_Name,(java.lang.String)TEXTBOX_City,(java.lang.String)TEXTBOX_Line1,(java.lang.String)DROPDOWN_Alt_Billing_Add,(java.lang.String)TEXTBOX_Phone,(java.lang.String)TEXTBOX_Zip,(java.lang.String)DROPDOWN_State,(java.lang.String)TEXTBOX_first_Name_co,(java.lang.String)TEXTBOX_Last_Name_co,(java.lang.String)TEXTBOX_AddressL1_co,(java.lang.String)TEXTBOX_City_co,(java.lang.String)DROPDOWN_State_co,(java.lang.String)DROPDOWN_Zip_co,(java.lang.String)TEXTBOX_ph_co,(java.lang.String)runMode]
	at org.testng.internal.reflect.DataProviderMethodMatcher.getConformingArguments(DataProviderMethodMatcher.java:52)
	at org.testng.internal.Invoker.injectParameters(Invoker.java:1225)
	at org.testng.internal.Invoker.invokeTestMethods(Invoker.java:1123)
	at org.testng.internal.TestMethodWorker.invokeTestMethods(TestMethodWorker.java:129)
	at org.testng.internal.TestMethodWorker.run(TestMethodWorker.java:112)
	at org.testng.TestRunner.privateRun(TestRunner.java:746)
	at org.testng.TestRunner.run(TestRunner.java:600)
	at org.testng.SuiteRunner.runTest(SuiteRunner.java:366)
	at org.testng.SuiteRunner.runSequentially(SuiteRunner.java:361)
	at org.testng.SuiteRunner.privateRun(SuiteRunner.java:319)
	at org.testng.SuiteRunner.run(SuiteRunner.java:268)
	at org.testng.SuiteRunnerWorker.runSuite(SuiteRunnerWorker.java:52)
	at org.testng.SuiteRunnerWorker.run(SuiteRunnerWorker.java:86)
	at org.testng.TestNG.runSuitesSequentially(TestNG.java:1264)
	at org.testng.TestNG.runSuitesLocally(TestNG.java:1189)
	at org.testng.TestNG.runSuites(TestNG.java:1104)
	at org.testng.TestNG.run(TestNG.java:1076)
	at org.testng.remote.AbstractRemoteTestNG.run(AbstractRemoteTestNG.java:126)
	at org.testng.remote.RemoteTestNG.initAndRun(RemoteTestNG.java:152)
	at org.testng.remote.RemoteTestNG.main(RemoteTestNG.java:57)
]]>
    </error>
  </testcase> <!-- loginTest -->
</testsuite> <!-- com.uiFramework.prive.slyaws.testScripts.LoginTestScenarios -->
