<?xml version="1.0" encoding="UTF-8"?>
<!-- Generated by org.testng.reporters.JUnitReportReporter -->
<testsuite hostname="W00PISVDI1483" name="com.uiFramework.prive.slyaws.testScripts.AccountContactCreationTestNode2" tests="1" failures="0" timestamp="24 Jun 2019 08:27:17 GMT" time="111.332" errors="0">
  <testcase name="testLoginToApplication" time="111.332" classname="com.uiFramework.prive.slyaws.testScripts.AccountContactCreationTestNode2"/>
</testsuite> <!-- com.uiFramework.prive.slyaws.testScripts.AccountContactCreationTestNode2 -->
