<?xml version="1.0" encoding="UTF-8"?>
<!-- Generated by org.testng.reporters.JUnitReportReporter -->
<testsuite hostname="W00PISVDI1483" name="com.uiFramework.prive.slyaws.testScripts.PolicyCreationTest" tests="1" failures="0" timestamp="24 Jun 2019 14:29:23 GMT" time="1014.840" errors="0">
  <testcase name="testPolicyCreation" time="1014.840" classname="com.uiFramework.prive.slyaws.testScripts.PolicyCreationTest"/>
</testsuite> <!-- com.uiFramework.prive.slyaws.testScripts.PolicyCreationTest -->
