<?xml version="1.0" encoding="UTF-8"?>
<!-- Generated by org.testng.reporters.JUnitReportReporter -->
<testsuite hostname="W00PISVDI1483" name="com.uiFramework.prive.slyaws.testScripts.AccountContactCreationTest" tests="1" failures="0" timestamp="24 Jun 2019 08:27:17 GMT" time="109.934" errors="0">
  <testcase name="testLoginToApplication" time="109.934" classname="com.uiFramework.prive.slyaws.testScripts.AccountContactCreationTest"/>
</testsuite> <!-- com.uiFramework.prive.slyaws.testScripts.AccountContactCreationTest -->
